<?xml version="1.0" encoding="UTF-8"?>
<testsuites tests="2" failures="0" disabled="0" errors="0" time="0." timestamp="2024-11-17T14:39:23.599" name="AllTests">
  <testsuite name="LinkedListTest" tests="2" failures="0" disabled="0" skipped="0" errors="0" time="0." timestamp="2024-11-17T14:39:23.599">
    <testcase name="ParameterizedConstructorInitializesCorrectly" file="/usr/src/app/tests/LinkedListTest.cpp" line="27" status="run" result="completed" time="0." timestamp="2024-11-17T14:39:23.599" classname="LinkedListTest" />
    <testcase name="DefaultConstructorInitializesCorrectly" file="/usr/src/app/tests/LinkedListTest.cpp" line="38" status="run" result="completed" time="0." timestamp="2024-11-17T14:39:23.599" classname="LinkedListTest" />
  </testsuite>
</testsuites>
