<?xml version="1.0" encoding="UTF-8"?>
<testsuites tests="47" failures="0" disabled="0" errors="0" time="0.002" timestamp="2024-12-02T14:07:32.197" name="AllTests">
  <testsuite name="LinkedListTest" tests="47" failures="0" disabled="0" skipped="0" errors="0" time="0.001" timestamp="2024-12-02T14:07:32.197">
    <testcase name="ParameterizedConstructorInitializesCorrectly" file="/usr/src/app/tests/LinkedListTest.cpp" line="29" status="run" result="completed" time="0." timestamp="2024-12-02T14:07:32.197" classname="LinkedListTest" />
    <testcase name="DefaultConstructorInitializesCorrectly" file="/usr/src/app/tests/LinkedListTest.cpp" line="40" status="run" result="completed" time="0." timestamp="2024-12-02T14:07:32.197" classname="LinkedListTest" />
    <testcase name="PrintListTest" file="/usr/src/app/tests/LinkedListTest.cpp" line="48" status="run" result="completed" time="0." timestamp="2024-12-02T14:07:32.197" classname="LinkedListTest" />
    <testcase name="PrintListEmptyTest" file="/usr/src/app/tests/LinkedListTest.cpp" line="65" status="run" result="completed" time="0." timestamp="2024-12-02T14:07:32.197" classname="LinkedListTest" />
    <testcase name="DestructorClearsHeadAndTail" file="/usr/src/app/tests/LinkedListTest.cpp" line="77" status="run" result="completed" time="0." timestamp="2024-12-02T14:07:32.197" classname="LinkedListTest" />
    <testcase name="DestructorClearsMemory" file="/usr/src/app/tests/LinkedListTest.cpp" line="94" status="run" result="completed" time="0." timestamp="2024-12-02T14:07:32.197" classname="LinkedListTest" />
    <testcase name="AppendToEmptyList" file="/usr/src/app/tests/LinkedListTest.cpp" line="112" status="run" result="completed" time="0." timestamp="2024-12-02T14:07:32.198" classname="LinkedListTest" />
    <testcase name="AppendToListWithOneElement" file="/usr/src/app/tests/LinkedListTest.cpp" line="123" status="run" result="completed" time="0." timestamp="2024-12-02T14:07:32.198" classname="LinkedListTest" />
    <testcase name="AppendMultipleElements" file="/usr/src/app/tests/LinkedListTest.cpp" line="140" status="run" result="completed" time="0." timestamp="2024-12-02T14:07:32.198" classname="LinkedListTest" />
    <testcase name="AppendToEmptyListAfterClear" file="/usr/src/app/tests/LinkedListTest.cpp" line="157" status="run" result="completed" time="0." timestamp="2024-12-02T14:07:32.198" classname="LinkedListTest" />
    <testcase name="AppendWithDifferentValues" file="/usr/src/app/tests/LinkedListTest.cpp" line="172" status="run" result="completed" time="0." timestamp="2024-12-02T14:07:32.198" classname="LinkedListTest" />
    <testcase name="DeleteLastFromEmptyList" file="/usr/src/app/tests/LinkedListTest.cpp" line="191" status="run" result="completed" time="0." timestamp="2024-12-02T14:07:32.198" classname="LinkedListTest" />
    <testcase name="DeleteLastFromMultipleElementsList" file="/usr/src/app/tests/LinkedListTest.cpp" line="201" status="run" result="completed" time="0." timestamp="2024-12-02T14:07:32.198" classname="LinkedListTest" />
    <testcase name="DeleteLastAndCheckTail" file="/usr/src/app/tests/LinkedListTest.cpp" line="216" status="run" result="completed" time="0." timestamp="2024-12-02T14:07:32.198" classname="LinkedListTest" />
    <testcase name="DeleteAllElements" file="/usr/src/app/tests/LinkedListTest.cpp" line="227" status="run" result="completed" time="0." timestamp="2024-12-02T14:07:32.198" classname="LinkedListTest" />
    <testcase name="PrependToEmptyList" file="/usr/src/app/tests/LinkedListTest.cpp" line="243" status="run" result="completed" time="0." timestamp="2024-12-02T14:07:32.198" classname="LinkedListTest" />
    <testcase name="PrependToOneElementList" file="/usr/src/app/tests/LinkedListTest.cpp" line="254" status="run" result="completed" time="0." timestamp="2024-12-02T14:07:32.198" classname="LinkedListTest" />
    <testcase name="PrependMultipleElements" file="/usr/src/app/tests/LinkedListTest.cpp" line="266" status="run" result="completed" time="0." timestamp="2024-12-02T14:07:32.198" classname="LinkedListTest" />
    <testcase name="PrependMultipleTimes" file="/usr/src/app/tests/LinkedListTest.cpp" line="280" status="run" result="completed" time="0." timestamp="2024-12-02T14:07:32.198" classname="LinkedListTest" />
    <testcase name="DeleteFirstFromEmptyList" file="/usr/src/app/tests/LinkedListTest.cpp" line="295" status="run" result="completed" time="0." timestamp="2024-12-02T14:07:32.198" classname="LinkedListTest" />
    <testcase name="DeleteFirstFromSingleElementList" file="/usr/src/app/tests/LinkedListTest.cpp" line="305" status="run" result="completed" time="0." timestamp="2024-12-02T14:07:32.198" classname="LinkedListTest" />
    <testcase name="DeleteFirstFromMultipleElementList" file="/usr/src/app/tests/LinkedListTest.cpp" line="317" status="run" result="completed" time="0." timestamp="2024-12-02T14:07:32.198" classname="LinkedListTest" />
    <testcase name="DeleteFirstMultipleTimes" file="/usr/src/app/tests/LinkedListTest.cpp" line="332" status="run" result="completed" time="0." timestamp="2024-12-02T14:07:32.198" classname="LinkedListTest" />
    <testcase name="GetReturnsNullptrForNegativeIndex" file="/usr/src/app/tests/LinkedListTest.cpp" line="354" status="run" result="completed" time="0." timestamp="2024-12-02T14:07:32.198" classname="LinkedListTest" />
    <testcase name="GetReturnsNullptrForOutOfBoundsIndex" file="/usr/src/app/tests/LinkedListTest.cpp" line="362" status="run" result="completed" time="0." timestamp="2024-12-02T14:07:32.198" classname="LinkedListTest" />
    <testcase name="GetReturnsCorrectNodeForValidIndex" file="/usr/src/app/tests/LinkedListTest.cpp" line="371" status="run" result="completed" time="0." timestamp="2024-12-02T14:07:32.198" classname="LinkedListTest" />
    <testcase name="GetReturnsHeadForIndexZero" file="/usr/src/app/tests/LinkedListTest.cpp" line="392" status="run" result="completed" time="0." timestamp="2024-12-02T14:07:32.198" classname="LinkedListTest" />
    <testcase name="GetReturnsTailForLastIndex" file="/usr/src/app/tests/LinkedListTest.cpp" line="402" status="run" result="completed" time="0." timestamp="2024-12-02T14:07:32.198" classname="LinkedListTest" />
    <testcase name="GetReturnsCorrectNodeInLargerList" file="/usr/src/app/tests/LinkedListTest.cpp" line="415" status="run" result="completed" time="0." timestamp="2024-12-02T14:07:32.198" classname="LinkedListTest" />
    <testcase name="SetFailsForNegativeIndex" file="/usr/src/app/tests/LinkedListTest.cpp" line="430" status="run" result="completed" time="0." timestamp="2024-12-02T14:07:32.198" classname="LinkedListTest" />
    <testcase name="SetFailsForIndexGreaterThanOrEqualLength" file="/usr/src/app/tests/LinkedListTest.cpp" line="441" status="run" result="completed" time="0." timestamp="2024-12-02T14:07:32.198" classname="LinkedListTest" />
    <testcase name="SetUpdatesValueAtMiddleIndex" file="/usr/src/app/tests/LinkedListTest.cpp" line="454" status="run" result="completed" time="0." timestamp="2024-12-02T14:07:32.198" classname="LinkedListTest" />
    <testcase name="SetUpdatesValueAtHead" file="/usr/src/app/tests/LinkedListTest.cpp" line="471" status="run" result="completed" time="0." timestamp="2024-12-02T14:07:32.198" classname="LinkedListTest" />
    <testcase name="SetUpdatesValueAtTail" file="/usr/src/app/tests/LinkedListTest.cpp" line="486" status="run" result="completed" time="0." timestamp="2024-12-02T14:07:32.198" classname="LinkedListTest" />
    <testcase name="InsertAtHead" file="/usr/src/app/tests/LinkedListTest.cpp" line="501" status="run" result="completed" time="0." timestamp="2024-12-02T14:07:32.198" classname="LinkedListTest" />
    <testcase name="InsertAtTail" file="/usr/src/app/tests/LinkedListTest.cpp" line="515" status="run" result="completed" time="0." timestamp="2024-12-02T14:07:32.198" classname="LinkedListTest" />
    <testcase name="InsertInMiddle" file="/usr/src/app/tests/LinkedListTest.cpp" line="527" status="run" result="completed" time="0." timestamp="2024-12-02T14:07:32.198" classname="LinkedListTest" />
    <testcase name="InsertInvalidNegativeIndex" file="/usr/src/app/tests/LinkedListTest.cpp" line="543" status="run" result="completed" time="0." timestamp="2024-12-02T14:07:32.199" classname="LinkedListTest" />
    <testcase name="InsertOutOfBoundsIndex" file="/usr/src/app/tests/LinkedListTest.cpp" line="554" status="run" result="completed" time="0." timestamp="2024-12-02T14:07:32.199" classname="LinkedListTest" />
    <testcase name="InsertIntoEmptyList" file="/usr/src/app/tests/LinkedListTest.cpp" line="565" status="run" result="completed" time="0." timestamp="2024-12-02T14:07:32.199" classname="LinkedListTest" />
    <testcase name="DeleteFromEmptyList" file="/usr/src/app/tests/LinkedListTest.cpp" line="577" status="run" result="completed" time="0." timestamp="2024-12-02T14:07:32.199" classname="LinkedListTest" />
    <testcase name="DeleteFirstNodeSingleElement" file="/usr/src/app/tests/LinkedListTest.cpp" line="584" status="run" result="completed" time="0." timestamp="2024-12-02T14:07:32.199" classname="LinkedListTest" />
    <testcase name="DeleteLastNodeTwoElements" file="/usr/src/app/tests/LinkedListTest.cpp" line="592" status="run" result="completed" time="0." timestamp="2024-12-02T14:07:32.199" classname="LinkedListTest" />
    <testcase name="DeleteMiddleNode" file="/usr/src/app/tests/LinkedListTest.cpp" line="603" status="run" result="completed" time="0." timestamp="2024-12-02T14:07:32.199" classname="LinkedListTest" />
    <testcase name="DeleteLastNode" file="/usr/src/app/tests/LinkedListTest.cpp" line="618" status="run" result="completed" time="0." timestamp="2024-12-02T14:07:32.199" classname="LinkedListTest" />
    <testcase name="InvalidIndexDelete" file="/usr/src/app/tests/LinkedListTest.cpp" line="633" status="run" result="completed" time="0." timestamp="2024-12-02T14:07:32.199" classname="LinkedListTest" />
    <testcase name="ReverseList" file="/usr/src/app/tests/LinkedListTest.cpp" line="651" status="run" result="completed" time="0." timestamp="2024-12-02T14:07:32.199" classname="LinkedListTest" />
  </testsuite>
</testsuites>
